csi-xmsim - CSI: Command line:
xmsim
    -f /afs/.ist.utl.pt/users/9/0/ist193790/FTSE/proj_2/xcelium.d/run.lnx8664.20.09.d/fatima.novalocal_31991/xmsim.args
        -gui
        -MESSAGES
        +EMGRLOG verilog.log
        -XLSTIME 1704629679
        -XLKEEP
        -XLMODE ./xcelium.d/run.lnx8664.20.09.d
        -RUNMODE
        -CDSLIB ./xcelium.d/run.lnx8664.20.09.d/cds.lib
        -HDLVAR ./xcelium.d/run.lnx8664.20.09.d/hdl.var
        -XLNAME xrun
        -XLVERSION TOOL:	xrun(64)	20.09-s001
        -XLNAME ./xcelium.d/run.lnx8664.20.09.d/fatima.novalocal_31991
    -CHECK_VERSION TOOL:	xrun(64)	20.09-s001
    -LOG_FD 5
    -LOG_FD_NAME verilog.log
    -cmdnopsim
    -runlock /afs/.ist.utl.pt/users/9/0/ist193790/FTSE/proj_2/xcelium.d/run.lnx8664.20.09.d/.xmlib.lock
    -runscratch /afs/.ist.utl.pt/users/9/0/ist193790/FTSE/proj_2/xcelium.d/run.lnx8664.20.09.d/fatima.novalocal_31991

csi-xmsim - CSI: *F,INTERR: INTERNAL EXCEPTION
Observed simulation time : 0 FS + 0
-----------------------------------------------------------------
The tool has encountered an unexpected condition and must exit.
Contact Cadence Design Systems customer support about this
problem and provide enough information to help us reproduce it,
including the logfile that contains this error message.
  TOOL:	xmsim(64)	20.09-s001
  HOSTNAME: fatima.novalocal
  OPERATING SYSTEM: Linux 3.10.0-1160.99.1.el7.x86_64 #1 SMP Wed Sep 13 14:19:20 UTC 2023 x86_64
  MESSAGE: sv_bushandler - SIGBUS not in rts_xfer (pc=0x7f41f6eeb0c0 si_addr=0x7f42032b7010, si_code=2), please see the xmsim_sigbus.31991 file
-----------------------------------------------------------------

csi-xmsim - CSI: Cadence Support Investigation, recording details
External Code in function: <unavailable> offset -65505
External Code in function: <unavailable> offset -65536
External Code in function: <unavailable> offset -65526
External Code in function: <unavailable> offset -65504
External Code in function: <unavailable> offset -62096
csi-xmsim - CSI: investigation complete took 0.022 secs, send this file to Cadence Support
