xfr(64): 20.09-s001: (c) Copyright 1995-2020 Cadence Design Systems, Inc.
The fault report is written to file 'fault_report.txt'


Fault Injection Summary:
    Multiplicity: 1
    Total number of faults: 358/323 (total/prime)
    Number of fault runs: 1
    Number of faults injected: 273
        SA0(137), SA1(136), SEU(0), SET(0)
    Expected finish time: 10050ns
        ON_TIME(107), DELAYED(0), PREMATURE(0), TIMEOUT(0), STOPPED(166), UNKNOWN(0)


Stuck-At (0/1) Fault Table
			 Total #	 Prime #
Untestable		     50		     50
Detected		    185		    159
Potentially_detected	      9		      7
Undetected		    114		    107
Unobserved_detected	      0		      0
Unobserved_undetected	      0		      0
Dangerous_detected	      0		      0
Dangerous_undetected	      0		      0
Not_injected		      0		      0
Total			    358		    323


