/opt/ic_tools/cad/xcelium20_09_hf001/tools.lnx86/inca/bin/64bit/xmsim
Obtained 30 stack frames.
/opt/ic_tools/cad/xcelium20_09_hf001/tools.lnx86/inca/bin/64bit/../../../lib/64bit/libcbreakpad.so(_Z13use_backtracev+0x9d) [0x7f4201debae9]
/opt/ic_tools/cad/xcelium20_09_hf001/tools.lnx86/inca/bin/64bit/../../../lib/64bit/libcbreakpad.so(cbpad_generate_dump_on_demand+0x66) [0x7f4201debe3c]
xmsim() [0x173a50c]
xmsim(serror+0x95) [0x173bc15]
xmsim() [0xa9dd73]
/lib64/libpthread.so.0(+0xf630) [0x7f4202ea0630]
/opt/ic_tools/cad/xcelium20_09_hf001/tools/lib/64bit/libdwapi.so(+0x310c0) [0x7f41f6eeb0c0]
/opt/ic_tools/cad/xcelium20_09_hf001/tools/lib/64bit/libdwapi.so(+0x1e15e) [0x7f41f6ed815e]
/opt/ic_tools/cad/xcelium20_09_hf001/tools/lib/64bit/libdwapi.so(dwSSTSetup+0xadd) [0x7f41f6ee1fed]
xmsim() [0xd2588e]
xmsim() [0xd0a815]
xmsim() [0xf58d1a]
xmsim() [0x5d14fa]
xmsim() [0xf5bc24]
xmsim() [0x9dca79]
xmsim(TclInvokeStringCommand+0x76) [0x10995e6]
xmsim() [0x109e467]
xmsim() [0x10a09fa]
xmsim(Tcl_EvalEx+0x13) [0x10a0ea3]
xmsim() [0x10a1068]
xmsim() [0x10a12b9]
xmsim(Tcl_RecordAndEvalObj+0xb0) [0x1141300]
xmsim(Tcl_RecordAndEval+0x37) [0x11414e7]
xmsim() [0x9e15cb]
xmsim() [0x56e250]
xmsim() [0x57dc9d]
xmsim(ncmain+0x9c) [0x57038d]
xmsim(main+0x10) [0x1f2ae4a]
/lib64/libc.so.6(__libc_start_main+0xf5) [0x7f4202047555]
xmsim() [0x4fcb41]
