Operating system: Linux
                  0.0.0 Linux 3.10.0-1160.99.1.el7.x86_64 #1 SMP Wed Sep 13 14:19:20 UTC 2023 x86_64
CPU: amd64
     family 6 model 63 stepping 2
     4 CPUs

GPU: UNKNOWN

Crash reason:  DUMP_REQUESTED
Crash address: 0x7f4201dedb4a
Process uptime: not available

Thread 0 (crashed)
 0  libcbreakpad.so + 0x30b4a
    rax = 0x00007f42030b709f   rdx = 0x0000000000000000
    rcx = 0x00007f4201dec3ad   rbx = 0x00007fff67f514d0
    rsi = 0x0000000000000001   rdi = 0x00007fff67f50e88
    rbp = 0x00007fff67f51440   rsp = 0x00007fff67f50df0
     r8 = 0x0000000000000000    r9 = 0x0000000000000000
    r10 = 0x00007f4201dc81c8   r11 = 0x00007f4201dc7d18
    r12 = 0x00007fff67f517b8   r13 = 0x0000000000000000
    r14 = 0x00007fff67f51450   r15 = 0x00007f41f6eeb0c0
    rip = 0x00007f4201dedb4a
    Found by: given as instruction pointer in context
 1  libcbreakpad.so + 0x2ee7e
    rbp = 0x00007fff67f51570   rsp = 0x00007fff67f51450
    rip = 0x00007f4201debe7e
    Found by: previous frame's frame pointer
 2  xmsim!nc_install_root + 0xe2bc
    rsp = 0x00007fff67f51580   rip = 0x000000000173a50c
    Found by: stack scanning
 3  xmsim!serror + 0x95
    rbx = 0x0000000000000000   rbp = 0x00007fff67f51970
    rsp = 0x00007fff67f517b0   r12 = 0x00007fff67f51980
    r13 = 0x00007f42032b7010   r14 = 0x00007fff67f51ab0
    rip = 0x000000000173bc15
    Found by: call frame info
 4  xmsim!ost_extend_get_data + 0x15e93
    rbx = 0xffffffffffffecd8   rbp = 0x00007fff67f51970
    rsp = 0x00007fff67f51890   r12 = 0x00007fff67f51980
    r13 = 0x00007f42032b7010   r14 = 0x00007fff67f51ab0
    rip = 0x0000000000a9dd73
    Found by: call frame info
 5  libpthread-2.17.so + 0xf630
    rbx = 0x000000000000000f   rbp = 0x00007fff67f51f50
    rsp = 0x00007fff67f51980   r12 = 0x00007f42032b7000
    r13 = 0x00000000043942a0   r14 = 0x0000000000000000
    r15 = 0x0000000004394300   rip = 0x00007f4202ea0630
    Found by: call frame info
 6  0x7f42032b7000
    rbp = 0x00007fff67f51f50   rsp = 0x00007fff67f519d0
    rip = 0x00007f42032b7000
    Found by: stack scanning
 7  libdwapi.so + 0x310c0
    rbp = 0x00007fff67f51f50   rsp = 0x00007fff67f51a30
    rip = 0x00007f41f6eeb0c0
    Found by: stack scanning
 8  waves.dsn + 0x10
    rbp = 0x00007fff67f51f50   rsp = 0x00007fff67f51a60
    rip = 0x00007f42032b7010
    Found by: stack scanning
 9  ld-2.17.so + 0xedee
    rbp = 0x00007fff67f51f50   rsp = 0x00007fff67f51a90
    rip = 0x00007f42030bbdee
    Found by: stack scanning
10  locale-archive + 0x4786002
    rbp = 0x00007fff67f51f50   rsp = 0x00007fff67f51ac0
    rip = 0x00007f4200000002
    Found by: stack scanning
11  waves.dsn + 0x10
    rbp = 0x00007fff67f51f50   rsp = 0x00007fff67f51ac8
    rip = 0x00007f42032b7010
    Found by: stack scanning
12  xmsim!if_getinfo + 0xbe82
    rbp = 0x00007fff67f51f50   rsp = 0x00007fff67f51ad0
    rip = 0x00000000017188d2
    Found by: stack scanning
13  0x325f6a6f72702f45
    rbx = 0x0000000000004005   rbp = 0xffffffff00000000
    rsp = 0x00007fff67f51c10   r12 = 0xffff0000ffff0000
    r13 = 0x392f73726573752f   r14 = 0x39317473692f302f
    r15 = 0x5354462f30393733   rip = 0x325f6a6f72702f45
    Found by: call frame info

Loaded modules:
0x00400000 - 0x02893fff  xmsim  ???  (main)
0x02a94000 - 0x02c86fff  xmsim  ???
0x7f41f6eba000 - 0x7f41f6f2efff  libdwapi.so  ???  (WARNING: No symbols, libdwapi.so, 946C3890DAE297D20B8DB0911C0A05F50)
0x7f41f6f2f000 - 0x7f41f7131fff  libdwapi.so  ???
0x7f41f7435000 - 0x7f41f74aafff  libcpi.so  ???
0x7f41f74ab000 - 0x7f41f76acfff  libcpi.so  ???
0x7f41f8ad5000 - 0x7f41f8af5fff  libml_uvm.so  ???
0x7f41f8af6000 - 0x7f41f8cf6fff  libml_uvm.so  ???
0x7f41f94fb000 - 0x7f41f9509fff  libbz2.so.1.0.6  ???
0x7f41f950a000 - 0x7f41f970afff  libbz2.so.1.0.6  ???
0x7f41f970b000 - 0x7f41f972ffff  liblzma.so.5.2.2  ???
0x7f41f9730000 - 0x7f41f9930fff  liblzma.so.5.2.2  ???
0x7f41f9931000 - 0x7f41f9945fff  libz.so.1.2.7  ???
0x7f41f9946000 - 0x7f41f9b46fff  libz.so.1.2.7  ???
0x7f41f9b47000 - 0x7f41f9b5dfff  libelf-0.176.so  ???
0x7f41f9b5e000 - 0x7f41f9d5efff  libelf-0.176.so  ???
0x7f41f9d5f000 - 0x7f41f9d62fff  libattr.so.1.1.0  ???
0x7f41f9d63000 - 0x7f41f9f63fff  libattr.so.1.1.0  ???
0x7f41f9f64000 - 0x7f41f9fb1fff  libdw-0.176.so  ???
0x7f41f9fb2000 - 0x7f41fa1b4fff  libdw-0.176.so  ???
0x7f41fa1b5000 - 0x7f41fa1bbfff  librt-2.17.so  ???
0x7f41fa1bc000 - 0x7f41fa3bcfff  librt-2.17.so  ???
0x7f41fa3bd000 - 0x7f41fa3c0fff  libcap.so.2.22  ???
0x7f41fa3c1000 - 0x7f41fa5c1fff  libcap.so.2.22  ???
0x7f41fa5c2000 - 0x7f41fa5d3fff  libnss_myhostname.so.2  ???
0x7f41fa5d4000 - 0x7f41fa7d6fff  libnss_myhostname.so.2  ???
0x7f41fa7d7000 - 0x7f41fa93cfff  libStrapNC.so  ???
0x7f41fa93d000 - 0x7f41fab72fff  libStrapNC.so  ???
0x7f41fab81000 - 0x7f41fac22fff  libdcapi.so  ???
0x7f41fac23000 - 0x7f41fae2efff  libdcapi.so  ???
0x7f41fae30000 - 0x7f41fae45fff  libresolv-2.17.so  ???
0x7f41fae46000 - 0x7f41fb047fff  libresolv-2.17.so  ???
0x7f41fb04a000 - 0x7f41fb04ffff  libnss_dns-2.17.so  ???
0x7f41fb050000 - 0x7f41fb250fff  libnss_dns-2.17.so  ???
0x7f41fb251000 - 0x7f41fb25cfff  libnss_ldap.so.2  ???
0x7f41fb25d000 - 0x7f41fb45dfff  libnss_ldap.so.2  ???
0x7f41fb45e000 - 0x7f41fb465fff  libnss_sss.so.2  ???
0x7f41fb466000 - 0x7f41fb666fff  libnss_sss.so.2  ???
0x7f41fb667000 - 0x7f41fb672fff  libnss_files-2.17.so  ???
0x7f41fb673000 - 0x7f41fb873fff  libnss_files-2.17.so  ???
0x7f41fb87a000 - 0x7f4201dbcfff  locale-archive  ???  (WARNING: No symbols, locale-archive, 000000000000000000000000000000000)
0x7f4201dbd000 - 0x7f4201e19fff  libcbreakpad.so  ???  (WARNING: No symbols, libcbreakpad.so, 4FE8593F1FB2BD5D8D6C85CF9770BE0F0)
0x7f4201e1a000 - 0x7f420201dfff  libcbreakpad.so  ???
0x7f4202025000 - 0x7f42021e8fff  libc-2.17.so  ???
0x7f42021e9000 - 0x7f42023edfff  libc-2.17.so  ???
0x7f42023f3000 - 0x7f4202408fff  libgcc_s.so.1  ???
0x7f4202409000 - 0x7f4202609fff  libgcc_s.so.1  ???
0x7f420260a000 - 0x7f420277bfff  libstdc++.so.6.0.22  ???
0x7f420277c000 - 0x7f4202986fff  libstdc++.so.6.0.22  ???
0x7f420298b000 - 0x7f4202a8bfff  libm-2.17.so  ???
0x7f4202a8c000 - 0x7f4202c8cfff  libm-2.17.so  ???
0x7f4202c8d000 - 0x7f4202c8efff  libdl-2.17.so  ???
0x7f4202c8f000 - 0x7f4202e90fff  libdl-2.17.so  ???
0x7f4202e91000 - 0x7f4202ea7fff  libpthread-2.17.so  ???  (WARNING: No symbols, libpthread-2.17.so, F2C80CE132B93DFCAEDA22F8DAC5EBB90)
0x7f4202ea8000 - 0x7f42030a8fff  libpthread-2.17.so  ???
0x7f42030ad000 - 0x7f42030cefff  ld-2.17.so  ???  (WARNING: No symbols, ld-2.17.so, 9749C46231431B34B08DCCE3859560A20)
0x7f42032b7000 - 0x7f42032c6fff  waves.dsn  ???  (WARNING: No symbols, waves.dsn, 000000000000000000000000000000000)
0x7f42032ce000 - 0x7f42032cffff  ld-2.17.so  ???
0x7fff67fa7000 - 0x7fff67fa8fff  linux-gate.so  ???

******BACKTRACE*****
nc_install_root [0x173a50c]
serror [0x173bc15]
ost_extend_get_data [0xa9dd73]
ssl_shm_dump_gen_transition_guts [0xd2588e]
nc_get_multicore_mode [0xd0a815]
subelem_last_datatype [0xf58d1a]
ncRestartDebugEntry [0x5d14fa]
subelem_last_datatype [0xf5bc24]
ixc_sv_dpi_funccall_par [0x9dca79]
TclInvokeStringCommand [0x10995e6]
Tcl_CreateMathFunc [0x109e467]
Tcl_AddObjErrorInfo [0x10a09fa]
Tcl_EvalEx [0x10a0ea3]
Tcl_Eval [0x10a1068]
Tcl_Eval [0x10a12b9]
Tcl_RecordAndEvalObj [0x1141300]
Tcl_RecordAndEval [0x11414e7]
ixc_sv_dpi_funccall_par [0x9e15cb]
nc_sninfo [0x56e250]
ncmain [0x57dc9d]
ncmain [0x57038d]
main [0x1f2ae4a]
_start [0x4fcb41]
******BACKTRACE END*****