xfr(64): 20.09-s001: (c) Copyright 1995-2020 Cadence Design Systems, Inc.
The fault report is written to file 'fault_report.txt'


Fault Injection Summary:
    Multiplicity: 1
    Total number of faults: 650/554 (total/prime)
    Number of fault runs: 1
    Number of faults injected: 448
        SA0(230), SA1(218), SEU(0), SET(0)
    Expected finish time: 101550ns
        ON_TIME(85), DELAYED(0), PREMATURE(0), TIMEOUT(0), STOPPED(363), UNKNOWN(0)


Stuck-At (0/1) Fault Table
			 Total #	 Prime #
Untestable		    106		    106
Detected		    441		    354
Potentially_detected	     10		      9
Undetected		     93		     85
Unobserved_detected	      0		      0
Unobserved_undetected	      0		      0
Dangerous_detected	      0		      0
Dangerous_undetected	      0		      0
Not_injected		      0		      0
Total			    650		    554


